<?xml version="1.0" encoding="UTF-8"?>
<testng-results ignored="0" total="1" passed="1" failed="0" skipped="0">
  <reporter-output>
  </reporter-output>
  <suite started-at="2021-08-31T21:36:16 IST" name="Default suite" finished-at="2021-08-31T21:37:03 IST" duration-ms="46726">
    <groups>
    </groups>
    <test started-at="2021-08-31T21:36:16 IST" name="Default test" finished-at="2021-08-31T21:37:03 IST" duration-ms="46726">
      <class name="demo.Test1">
        <test-method is-config="true" signature="setUp()[pri:0, instance:demo.Test1@1d9b7cce]" started-at="2021-08-31T21:36:16 IST" name="setUp" finished-at="2021-08-31T21:36:34 IST" duration-ms="18587" status="PASS">
          <reporter-output>
          </reporter-output>
        </test-method> <!-- setUp -->
        <test-method signature="test1()[pri:0, instance:demo.Test1@1d9b7cce]" started-at="2021-08-31T21:36:35 IST" name="test1" finished-at="2021-08-31T21:37:00 IST" duration-ms="24990" status="PASS">
          <reporter-output>
          </reporter-output>
        </test-method> <!-- test1 -->
        <test-method is-config="true" signature="tearDown()[pri:0, instance:demo.Test1@1d9b7cce]" started-at="2021-08-31T21:37:00 IST" name="tearDown" finished-at="2021-08-31T21:37:03 IST" duration-ms="2921" status="PASS">
          <reporter-output>
          </reporter-output>
        </test-method> <!-- tearDown -->
      </class> <!-- demo.Test1 -->
    </test> <!-- Default test -->
  </suite> <!-- Default suite -->
</testng-results>
