<?xml version="1.0" encoding="UTF-8"?>
<testng-results ignored="0" total="1" passed="1" failed="0" skipped="0">
  <reporter-output>
  </reporter-output>
  <suite started-at="2021-09-04T18:26:51 IST" name="Default suite" finished-at="2021-09-04T18:27:16 IST" duration-ms="24618">
    <groups>
    </groups>
    <test started-at="2021-09-04T18:26:51 IST" name="Default test" finished-at="2021-09-04T18:27:16 IST" duration-ms="24618">
      <class name="demo.Test1">
        <test-method is-config="true" signature="setUp()[pri:0, instance:demo.Test1@5158b42f]" started-at="2021-09-04T18:26:51 IST" name="setUp" finished-at="2021-09-04T18:26:59 IST" duration-ms="7146" status="PASS">
          <reporter-output>
          </reporter-output>
        </test-method> <!-- setUp -->
        <test-method signature="test1()[pri:0, instance:demo.Test1@5158b42f]" started-at="2021-09-04T18:26:59 IST" name="test1" finished-at="2021-09-04T18:27:15 IST" duration-ms="16843" status="PASS">
          <reporter-output>
          </reporter-output>
        </test-method> <!-- test1 -->
        <test-method is-config="true" signature="tearDown()[pri:0, instance:demo.Test1@5158b42f]" started-at="2021-09-04T18:27:15 IST" name="tearDown" finished-at="2021-09-04T18:27:16 IST" duration-ms="503" status="PASS">
          <reporter-output>
          </reporter-output>
        </test-method> <!-- tearDown -->
      </class> <!-- demo.Test1 -->
    </test> <!-- Default test -->
  </suite> <!-- Default suite -->
</testng-results>
